

Started GET "/" for 127.0.0.1 at 2014-12-02 23:07:18 -0800

ActiveRecord::PendingMigrationError (

Migrations are pending. To resolve this issue, run:

	bin/rake db:migrate RAILS_ENV=development

):
  activerecord (4.1.6) lib/active_record/migration.rb:389:in `check_pending!'
  activerecord (4.1.6) lib/active_record/migration.rb:377:in `call'
  actionpack (4.1.6) lib/action_dispatch/middleware/callbacks.rb:29:in `block in call'
  activesupport (4.1.6) lib/active_support/callbacks.rb:82:in `run_callbacks'
  actionpack (4.1.6) lib/action_dispatch/middleware/callbacks.rb:27:in `call'
  actionpack (4.1.6) lib/action_dispatch/middleware/reloader.rb:73:in `call'
  actionpack (4.1.6) lib/action_dispatch/middleware/remote_ip.rb:76:in `call'
  actionpack (4.1.6) lib/action_dispatch/middleware/debug_exceptions.rb:17:in `call'
  actionpack (4.1.6) lib/action_dispatch/middleware/show_exceptions.rb:30:in `call'
  railties (4.1.6) lib/rails/rack/logger.rb:38:in `call_app'
  railties (4.1.6) lib/rails/rack/logger.rb:20:in `block in call'
  activesupport (4.1.6) lib/active_support/tagged_logging.rb:68:in `block in tagged'
  activesupport (4.1.6) lib/active_support/tagged_logging.rb:26:in `tagged'
  activesupport (4.1.6) lib/active_support/tagged_logging.rb:68:in `tagged'
  railties (4.1.6) lib/rails/rack/logger.rb:20:in `call'
  actionpack (4.1.6) lib/action_dispatch/middleware/request_id.rb:21:in `call'
  rack (1.5.2) lib/rack/methodoverride.rb:21:in `call'
  rack (1.5.2) lib/rack/runtime.rb:17:in `call'
  activesupport (4.1.6) lib/active_support/cache/strategy/local_cache_middleware.rb:26:in `call'
  rack (1.5.2) lib/rack/lock.rb:17:in `call'
  actionpack (4.1.6) lib/action_dispatch/middleware/static.rb:64:in `call'
  rack (1.5.2) lib/rack/sendfile.rb:112:in `call'
  railties (4.1.6) lib/rails/engine.rb:514:in `call'
  railties (4.1.6) lib/rails/application.rb:144:in `call'
  rack (1.5.2) lib/rack/lock.rb:17:in `call'
  rack (1.5.2) lib/rack/content_length.rb:14:in `call'
  rack (1.5.2) lib/rack/handler/webrick.rb:60:in `service'
  /System/Library/Frameworks/Ruby.framework/Versions/2.0/usr/lib/ruby/2.0.0/webrick/httpserver.rb:138:in `service'
  /System/Library/Frameworks/Ruby.framework/Versions/2.0/usr/lib/ruby/2.0.0/webrick/httpserver.rb:94:in `run'
  /System/Library/Frameworks/Ruby.framework/Versions/2.0/usr/lib/ruby/2.0.0/webrick/server.rb:295:in `block in start_thread'


  Rendered /Users/Caleb/.gem/ruby/2.0.0/gems/actionpack-4.1.6/lib/action_dispatch/middleware/templates/rescues/_source.erb (0.7ms)
  Rendered /Users/Caleb/.gem/ruby/2.0.0/gems/actionpack-4.1.6/lib/action_dispatch/middleware/templates/rescues/_trace.html.erb (1.5ms)
  Rendered /Users/Caleb/.gem/ruby/2.0.0/gems/actionpack-4.1.6/lib/action_dispatch/middleware/templates/rescues/_request_and_response.html.erb (1.6ms)
  Rendered /Users/Caleb/.gem/ruby/2.0.0/gems/actionpack-4.1.6/lib/action_dispatch/middleware/templates/rescues/diagnostics.erb within rescues/layout (23.4ms)
  [1m[36m (1.3ms)[0m  [1mCREATE TABLE "schema_migrations" ("version" varchar(255) NOT NULL) [0m
  [1m[35m (0.2ms)[0m  select sqlite_version(*)
  [1m[36m (1.3ms)[0m  [1mCREATE UNIQUE INDEX "unique_schema_migrations" ON "schema_migrations" ("version")[0m
  [1m[35mActiveRecord::SchemaMigration Load (0.2ms)[0m  SELECT "schema_migrations".* FROM "schema_migrations"
Migrating to DeviseCreateUsers (20141022211939)
  [1m[36m (0.1ms)[0m  [1mbegin transaction[0m
  [1m[35m (0.8ms)[0m  CREATE TABLE "users" ("id" INTEGER PRIMARY KEY AUTOINCREMENT NOT NULL, "email" varchar(255) DEFAULT '' NOT NULL, "encrypted_password" varchar(255) DEFAULT '' NOT NULL, "reset_password_token" varchar(255), "reset_password_sent_at" datetime, "remember_created_at" datetime, "sign_in_count" integer DEFAULT 0 NOT NULL, "current_sign_in_at" datetime, "last_sign_in_at" datetime, "current_sign_in_ip" varchar(255), "last_sign_in_ip" varchar(255), "created_at" datetime, "updated_at" datetime) 
  [1m[36m (0.5ms)[0m  [1mCREATE UNIQUE INDEX "index_users_on_email" ON "users" ("email")[0m
  [1m[35m (0.2ms)[0m              SELECT sql
            FROM sqlite_master
            WHERE name='index_users_on_email' AND type='index'
            UNION ALL
            SELECT sql
            FROM sqlite_temp_master
            WHERE name='index_users_on_email' AND type='index'

  [1m[36m (0.2ms)[0m  [1mCREATE UNIQUE INDEX "index_users_on_reset_password_token" ON "users" ("reset_password_token")[0m
  [1m[35mSQL (0.2ms)[0m  INSERT INTO "schema_migrations" ("version") VALUES (?)  [["version", "20141022211939"]]
  [1m[36m (1.1ms)[0m  [1mcommit transaction[0m
Migrating to CreateReservations (20141109013136)
  [1m[35m (0.1ms)[0m  begin transaction
  [1m[36m (0.4ms)[0m  [1mCREATE TABLE "reservations" ("id" INTEGER PRIMARY KEY AUTOINCREMENT NOT NULL, "hotel_id" integer, "arrival_date" date, "departure_date" date, "rate" decimal, "user_id" integer, "created_at" datetime, "updated_at" datetime) [0m
  [1m[35m (0.2ms)[0m  CREATE  INDEX "index_reservations_on_user_id" ON "reservations" ("user_id")
  [1m[36mSQL (0.2ms)[0m  [1mINSERT INTO "schema_migrations" ("version") VALUES (?)[0m  [["version", "20141109013136"]]
  [1m[35m (1.0ms)[0m  commit transaction
Migrating to AddHotelNameToReservations (20141111210146)
  [1m[36m (0.1ms)[0m  [1mbegin transaction[0m
  [1m[35m (0.5ms)[0m  ALTER TABLE "reservations" ADD "hotel_name" varchar(255)
  [1m[36mSQL (0.2ms)[0m  [1mINSERT INTO "schema_migrations" ("version") VALUES (?)[0m  [["version", "20141111210146"]]
  [1m[35m (0.9ms)[0m  commit transaction
Migrating to CreateReviews (20141112025323)
  [1m[36m (0.1ms)[0m  [1mbegin transaction[0m
  [1m[35m (0.4ms)[0m  CREATE TABLE "reviews" ("id" INTEGER PRIMARY KEY AUTOINCREMENT NOT NULL, "hotel_id" integer, "stars" integer, "body" text, "review_date" date, "user_id" integer, "created_at" datetime, "updated_at" datetime) 
  [1m[36m (0.1ms)[0m  [1mCREATE  INDEX "index_reviews_on_user_id" ON "reviews" ("user_id")[0m
  [1m[35mSQL (0.1ms)[0m  INSERT INTO "schema_migrations" ("version") VALUES (?)  [["version", "20141112025323"]]
  [1m[36m (0.9ms)[0m  [1mcommit transaction[0m
  [1m[35mActiveRecord::SchemaMigration Load (0.1ms)[0m  SELECT "schema_migrations".* FROM "schema_migrations"
  [1m[36m (0.1ms)[0m  [1m            SELECT sql
            FROM sqlite_master
            WHERE name='index_reservations_on_user_id' AND type='index'
            UNION ALL
            SELECT sql
            FROM sqlite_temp_master
            WHERE name='index_reservations_on_user_id' AND type='index'
[0m
  [1m[35m (0.1ms)[0m              SELECT sql
            FROM sqlite_master
            WHERE name='index_reviews_on_user_id' AND type='index'
            UNION ALL
            SELECT sql
            FROM sqlite_temp_master
            WHERE name='index_reviews_on_user_id' AND type='index'

  [1m[36m (0.1ms)[0m  [1m            SELECT sql
            FROM sqlite_master
            WHERE name='index_users_on_reset_password_token' AND type='index'
            UNION ALL
            SELECT sql
            FROM sqlite_temp_master
            WHERE name='index_users_on_reset_password_token' AND type='index'
[0m
  [1m[35m (0.1ms)[0m              SELECT sql
            FROM sqlite_master
            WHERE name='index_users_on_email' AND type='index'
            UNION ALL
            SELECT sql
            FROM sqlite_temp_master
            WHERE name='index_users_on_email' AND type='index'



Started GET "/" for 127.0.0.1 at 2014-12-02 23:07:40 -0800
  [1m[36mActiveRecord::SchemaMigration Load (0.2ms)[0m  [1mSELECT "schema_migrations".* FROM "schema_migrations"[0m
Processing by WelcomeController#index as HTML
  Rendered database/_searchform.html.erb (65.0ms)
  Rendered welcome/index.html.erb within layouts/application (66.1ms)
Completed 200 OK in 547ms (Views: 525.5ms | ActiveRecord: 0.0ms)


Started GET "/assets/application.css?body=1" for 127.0.0.1 at 2014-12-02 23:07:41 -0800


Started GET "/assets/jquery.js?body=1" for 127.0.0.1 at 2014-12-02 23:07:41 -0800


Started GET "/assets/jquery_ujs.js?body=1" for 127.0.0.1 at 2014-12-02 23:07:41 -0800


Started GET "/assets/bootstrap-slider.css?body=1" for 127.0.0.1 at 2014-12-02 23:07:41 -0800


Started GET "/assets/twitter/bootstrap/alert.js?body=1" for 127.0.0.1 at 2014-12-02 23:07:41 -0800


Started GET "/assets/twitter/bootstrap/transition.js?body=1" for 127.0.0.1 at 2014-12-02 23:07:41 -0800


Started GET "/assets/twitter/bootstrap/dropdown.js?body=1" for 127.0.0.1 at 2014-12-02 23:07:41 -0800


Started GET "/assets/twitter/bootstrap/modal.js?body=1" for 127.0.0.1 at 2014-12-02 23:07:41 -0800


Started GET "/assets/twitter/bootstrap/scrollspy.js?body=1" for 127.0.0.1 at 2014-12-02 23:07:41 -0800


Started GET "/assets/twitter/bootstrap/tab.js?body=1" for 127.0.0.1 at 2014-12-02 23:07:41 -0800


Started GET "/assets/twitter/bootstrap/tooltip.js?body=1" for 127.0.0.1 at 2014-12-02 23:07:41 -0800


Started GET "/assets/twitter/bootstrap/popover.js?body=1" for 127.0.0.1 at 2014-12-02 23:07:41 -0800


Started GET "/assets/twitter/bootstrap/button.js?body=1" for 127.0.0.1 at 2014-12-02 23:07:41 -0800


Started GET "/assets/twitter/bootstrap/collapse.js?body=1" for 127.0.0.1 at 2014-12-02 23:07:41 -0800


Started GET "/assets/twitter/bootstrap/carousel.js?body=1" for 127.0.0.1 at 2014-12-02 23:07:41 -0800


Started GET "/assets/twitter/bootstrap/affix.js?body=1" for 127.0.0.1 at 2014-12-02 23:07:41 -0800


Started GET "/assets/twitter/bootstrap.js?body=1" for 127.0.0.1 at 2014-12-02 23:07:41 -0800


Started GET "/assets/bootstrap-slider.js?body=1" for 127.0.0.1 at 2014-12-02 23:07:41 -0800


Started GET "/assets/turbolinks.js?body=1" for 127.0.0.1 at 2014-12-02 23:07:41 -0800


Started GET "/assets/bootstrap.js?body=1" for 127.0.0.1 at 2014-12-02 23:07:41 -0800


Started GET "/assets/database.js?body=1" for 127.0.0.1 at 2014-12-02 23:07:41 -0800


Started GET "/assets/payment.js?body=1" for 127.0.0.1 at 2014-12-02 23:07:41 -0800


Started GET "/assets/reservations.js?body=1" for 127.0.0.1 at 2014-12-02 23:07:41 -0800


Started GET "/assets/reviews.js?body=1" for 127.0.0.1 at 2014-12-02 23:07:41 -0800


Started GET "/assets/welcome.js?body=1" for 127.0.0.1 at 2014-12-02 23:07:41 -0800


Started GET "/assets/application.js?body=1" for 127.0.0.1 at 2014-12-02 23:07:41 -0800
